1556720544.350645 client started (22921): version 2.6, socket /tmp/tmux-1000/default, protocol 8
1556720544.350679 on Linux 4.15.0-48-generic #51-Ubuntu SMP Wed Apr 3 08:28:49 UTC 2019; libevent 2.1.8-stable (poll)
1556720544.350703 socket is /tmp/tmux-1000/default
1556720544.350717 trying connect
1556720544.350787 add peer 0x555ffaff4490: 6 ((nil))
1556720544.350849 sending message 100 to peer 0x555ffaff4490 (4 bytes)
1556720544.350861 sending message 101 to peer 0x555ffaff4490 (16 bytes)
1556720544.350869 sending message 102 to peer 0x555ffaff4490 (11 bytes)
1556720544.350876 sending message 108 to peer 0x555ffaff4490 (32 bytes)
1556720544.350883 sending message 104 to peer 0x555ffaff4490 (0 bytes)
1556720544.350891 sending message 107 to peer 0x555ffaff4490 (4 bytes)
1556720544.350898 sending message 105 to peer 0x555ffaff4490 (55 bytes)
1556720544.350906 sending message 105 to peer 0x555ffaff4490 (20 bytes)
1556720544.350913 sending message 105 to peer 0x555ffaff4490 (54 bytes)
1556720544.350920 sending message 105 to peer 0x555ffaff4490 (53 bytes)
1556720544.350927 sending message 105 to peer 0x555ffaff4490 (69 bytes)
1556720544.350935 sending message 105 to peer 0x555ffaff4490 (25 bytes)
1556720544.350942 sending message 105 to peer 0x555ffaff4490 (11 bytes)
1556720544.350948 sending message 105 to peer 0x555ffaff4490 (36 bytes)
1556720544.350955 sending message 105 to peer 0x555ffaff4490 (12 bytes)
1556720544.350962 sending message 105 to peer 0x555ffaff4490 (20 bytes)
1556720544.350969 sending message 105 to peer 0x555ffaff4490 (15 bytes)
1556720544.350976 sending message 105 to peer 0x555ffaff4490 (44 bytes)
1556720544.350983 sending message 105 to peer 0x555ffaff4490 (52 bytes)
1556720544.350990 sending message 105 to peer 0x555ffaff4490 (28 bytes)
1556720544.351000 sending message 105 to peer 0x555ffaff4490 (24 bytes)
1556720544.351008 sending message 105 to peer 0x555ffaff4490 (22 bytes)
1556720544.351015 sending message 105 to peer 0x555ffaff4490 (17 bytes)
1556720544.351021 sending message 105 to peer 0x555ffaff4490 (15 bytes)
1556720544.351028 sending message 105 to peer 0x555ffaff4490 (23 bytes)
1556720544.351035 sending message 105 to peer 0x555ffaff4490 (21 bytes)
1556720544.351042 sending message 105 to peer 0x555ffaff4490 (30 bytes)
1556720544.351048 sending message 105 to peer 0x555ffaff4490 (27 bytes)
1556720544.351055 sending message 105 to peer 0x555ffaff4490 (24 bytes)
1556720544.351062 sending message 105 to peer 0x555ffaff4490 (20 bytes)
1556720544.351069 sending message 105 to peer 0x555ffaff4490 (23 bytes)
1556720544.351075 sending message 105 to peer 0x555ffaff4490 (21 bytes)
1556720544.351082 sending message 105 to peer 0x555ffaff4490 (25 bytes)
1556720544.351089 sending message 105 to peer 0x555ffaff4490 (8 bytes)
1556720544.351096 sending message 105 to peer 0x555ffaff4490 (19 bytes)
1556720544.351102 sending message 105 to peer 0x555ffaff4490 (32 bytes)
1556720544.351112 sending message 105 to peer 0x555ffaff4490 (3220 bytes)
1556720544.351131 sending message 105 to peer 0x555ffaff4490 (56 bytes)
1556720544.351139 sending message 105 to peer 0x555ffaff4490 (24 bytes)
1556720544.351146 sending message 105 to peer 0x555ffaff4490 (11 bytes)
1556720544.351153 sending message 105 to peer 0x555ffaff4490 (94 bytes)
1556720544.351160 sending message 105 to peer 0x555ffaff4490 (36 bytes)
1556720544.351167 sending message 105 to peer 0x555ffaff4490 (19 bytes)
1556720544.351174 sending message 105 to peer 0x555ffaff4490 (27 bytes)
1556720544.351181 sending message 105 to peer 0x555ffaff4490 (120 bytes)
1556720544.351188 sending message 105 to peer 0x555ffaff4490 (19 bytes)
1556720544.351195 sending message 105 to peer 0x555ffaff4490 (8 bytes)
1556720544.351202 sending message 105 to peer 0x555ffaff4490 (19 bytes)
1556720544.351209 sending message 105 to peer 0x555ffaff4490 (41 bytes)
1556720544.351216 sending message 105 to peer 0x555ffaff4490 (27 bytes)
1556720544.351223 sending message 105 to peer 0x555ffaff4490 (21 bytes)
1556720544.351230 sending message 105 to peer 0x555ffaff4490 (60 bytes)
1556720544.351237 sending message 105 to peer 0x555ffaff4490 (45 bytes)
1556720544.351254 sending message 105 to peer 0x555ffaff4490 (62 bytes)
1556720544.351262 sending message 105 to peer 0x555ffaff4490 (36 bytes)
1556720544.351269 sending message 105 to peer 0x555ffaff4490 (13 bytes)
1556720544.351276 sending message 105 to peer 0x555ffaff4490 (16 bytes)
1556720544.351283 sending message 105 to peer 0x555ffaff4490 (17 bytes)
1556720544.351291 sending message 105 to peer 0x555ffaff4490 (40 bytes)
1556720544.351298 sending message 105 to peer 0x555ffaff4490 (47 bytes)
1556720544.351305 sending message 105 to peer 0x555ffaff4490 (31 bytes)
1556720544.351312 sending message 105 to peer 0x555ffaff4490 (162 bytes)
1556720544.351319 sending message 105 to peer 0x555ffaff4490 (54 bytes)
1556720544.351326 sending message 105 to peer 0x555ffaff4490 (31 bytes)
1556720544.351334 sending message 105 to peer 0x555ffaff4490 (15 bytes)
1556720544.351341 sending message 105 to peer 0x555ffaff4490 (52 bytes)
1556720544.351348 sending message 105 to peer 0x555ffaff4490 (29 bytes)
1556720544.351355 sending message 105 to peer 0x555ffaff4490 (18 bytes)
1556720544.351362 sending message 105 to peer 0x555ffaff4490 (58 bytes)
1556720544.351369 sending message 105 to peer 0x555ffaff4490 (21 bytes)
1556720544.351376 sending message 105 to peer 0x555ffaff4490 (11 bytes)
1556720544.351383 sending message 105 to peer 0x555ffaff4490 (32 bytes)
1556720544.351390 sending message 105 to peer 0x555ffaff4490 (30 bytes)
1556720544.351397 sending message 105 to peer 0x555ffaff4490 (16 bytes)
1556720544.351404 sending message 105 to peer 0x555ffaff4490 (80 bytes)
1556720544.351411 sending message 105 to peer 0x555ffaff4490 (16 bytes)
1556720544.351418 sending message 106 to peer 0x555ffaff4490 (0 bytes)
1556720544.351425 sending message 200 to peer 0x555ffaff4490 (4 bytes)
1556720544.351432 client loop enter
1556720544.351959 peer 0x555ffaff4490 message 211
1556720544.351983 peer 0x555ffaff4490 message 203
1556720544.351992 client loop exit
